TN:
SF:src/modules/appointments/services/CreateAppointmentService.ts
FN:15,(anonymous_18)
FN:16,CreateAppointmentService
FN:21,(anonymous_20)
FN:25,(anonymous_21)
FNF:4
FNH:3
FNDA:1,(anonymous_18)
FNDA:5,CreateAppointmentService
FNDA:0,(anonymous_20)
FNDA:6,(anonymous_21)
DA:1,1
DA:2,1
DA:3,1
DA:4,1
DA:15,1
DA:18,5
DA:21,1
DA:22,0
DA:25,1
DA:26,6
DA:27,6
DA:28,6
DA:30,6
DA:32,6
DA:33,2
DA:36,4
DA:37,2
DA:40,2
DA:41,0
DA:44,2
DA:46,2
DA:47,0
DA:50,2
DA:56,2
DA:58,1
DA:60,1
LF:26
LH:23
BRDA:32,0,0,2
BRDA:32,0,1,4
BRDA:36,1,0,2
BRDA:36,1,1,2
BRDA:40,2,0,0
BRDA:40,2,1,2
BRDA:40,3,0,2
BRDA:40,3,1,2
BRDA:46,4,0,0
BRDA:46,4,1,2
BRF:10
BRH:8
end_of_record
TN:
SF:src/modules/appointments/services/ListProviderDayAvailabilityService.ts
FN:22,(anonymous_17)
FN:23,ListProviderDayAvailabilityService
FN:28,(anonymous_19)
FN:47,(anonymous_22)
FN:50,(anonymous_23)
FN:52,(anonymous_24)
FNF:6
FNH:6
FNDA:1,(anonymous_17)
FNDA:1,ListProviderDayAvailabilityService
FNDA:1,(anonymous_19)
FNDA:10,(anonymous_22)
FNDA:10,(anonymous_23)
FNDA:20,(anonymous_24)
DA:1,1
DA:2,1
DA:4,1
DA:22,1
DA:25,1
DA:28,1
DA:29,1
DA:30,1
DA:31,1
DA:32,1
DA:34,1
DA:43,1
DA:45,1
DA:47,10
DA:50,1
DA:51,10
DA:52,20
DA:55,10
DA:56,10
DA:58,10
DA:66,1
DA:68,1
DA:70,1
LF:23
LH:23
BRDA:34,0,0,1
BRDA:61,1,0,10
BRDA:61,1,1,8
BRF:3
BRH:3
end_of_record
TN:
SF:src/modules/appointments/services/ListProviderMonthAvailabilityService.ts
FN:21,(anonymous_17)
FN:22,ListProviderMonthAvailabilityService
FN:27,(anonymous_19)
FN:44,(anonymous_22)
FN:47,(anonymous_23)
FN:49,(anonymous_24)
FNF:6
FNH:6
FNDA:1,(anonymous_17)
FNDA:1,ListProviderMonthAvailabilityService
FNDA:1,(anonymous_19)
FNDA:31,(anonymous_22)
FNDA:31,(anonymous_23)
FNDA:341,(anonymous_24)
DA:1,1
DA:2,1
DA:4,1
DA:21,1
DA:24,1
DA:27,1
DA:28,1
DA:29,1
DA:30,1
DA:32,1
DA:40,1
DA:42,1
DA:44,31
DA:47,1
DA:48,31
DA:49,341
DA:52,31
DA:55,1
DA:57,1
DA:59,1
LF:20
LH:20
BRDA:32,0,0,1
BRF:1
BRH:1
end_of_record
TN:
SF:src/modules/appointments/services/ListProvidersService.ts
FN:11,(anonymous_17)
FN:12,ShowProfileService
FN:17,(anonymous_19)
FNF:3
FNH:3
FNDA:1,(anonymous_17)
FNDA:1,ShowProfileService
FNDA:1,(anonymous_19)
DA:1,1
DA:2,1
DA:11,1
DA:14,1
DA:17,1
DA:18,1
DA:22,1
DA:24,1
DA:26,1
LF:9
LH:9
BRDA:18,0,0,1
BRF:1
BRH:1
end_of_record
TN:
SF:src/modules/users/services/AuthenticateUserService.ts
FN:22,(anonymous_18)
FN:23,AuthenticateUserService
FN:31,(anonymous_20)
FNF:3
FNH:3
FNDA:1,(anonymous_18)
FNDA:3,AuthenticateUserService
FNDA:3,(anonymous_20)
DA:2,1
DA:3,1
DA:4,1
DA:5,1
DA:7,1
DA:22,1
DA:25,3
DA:28,3
DA:31,3
DA:32,3
DA:34,3
DA:35,1
DA:38,2
DA:43,2
DA:44,1
DA:47,1
DA:52,1
DA:54,1
DA:56,1
LF:19
LH:19
BRDA:32,0,0,3
BRDA:34,1,0,1
BRDA:34,1,1,2
BRDA:43,2,0,1
BRDA:43,2,1,1
BRF:5
BRH:5
end_of_record
TN:
SF:src/modules/users/services/CreateUserService.ts
FN:18,(anonymous_18)
FN:19,CreateUserService
FN:27,(anonymous_20)
FNF:3
FNH:3
FNDA:2,(anonymous_18)
FNDA:5,CreateUserService
FNDA:5,(anonymous_20)
DA:2,2
DA:3,2
DA:5,2
DA:18,2
DA:21,5
DA:24,5
DA:27,5
DA:28,5
DA:30,5
DA:31,1
DA:34,4
DA:36,4
DA:42,4
DA:44,2
DA:46,2
LF:15
LH:15
BRDA:28,0,0,5
BRDA:30,1,0,1
BRDA:30,1,1,4
BRF:3
BRH:3
end_of_record
TN:
SF:src/modules/users/services/ResetPasswordService.ts
FN:17,(anonymous_18)
FN:18,ResetPasswordService
FN:29,(anonymous_20)
FNF:3
FNH:3
FNDA:1,(anonymous_18)
FNDA:4,ResetPasswordService
FNDA:4,(anonymous_20)
DA:2,1
DA:3,1
DA:4,1
DA:6,1
DA:17,1
DA:20,4
DA:23,4
DA:26,4
DA:29,4
DA:30,4
DA:31,4
DA:32,1
DA:34,3
DA:36,3
DA:37,1
DA:40,2
DA:42,2
DA:43,1
DA:45,1
DA:47,2
DA:49,1
DA:51,1
LF:22
LH:22
BRDA:30,0,0,4
BRDA:31,1,0,1
BRDA:31,1,1,3
BRDA:36,2,0,1
BRDA:36,2,1,2
BRDA:42,3,0,1
BRDA:42,3,1,1
BRF:7
BRH:7
end_of_record
TN:
SF:src/modules/users/services/SendForgotPasswordEmailService.ts
FN:16,(anonymous_18)
FN:17,SendForgotPasswordEmailService
FN:28,(anonymous_20)
FNF:3
FNH:3
FNDA:1,(anonymous_18)
FNDA:3,SendForgotPasswordEmailService
FNDA:3,(anonymous_20)
DA:2,1
DA:3,1
DA:4,1
DA:7,1
DA:16,1
DA:19,3
DA:22,3
DA:25,3
DA:28,3
DA:29,3
DA:31,3
DA:32,1
DA:35,2
DA:37,2
DA:44,2
DA:59,1
DA:61,1
LF:17
LH:17
BRDA:29,0,0,3
BRDA:31,1,0,1
BRDA:31,1,1,2
BRF:3
BRH:3
end_of_record
TN:
SF:src/modules/users/services/ShowProfileService.ts
FN:12,(anonymous_18)
FN:13,ShowProfileService
FN:18,(anonymous_20)
FNF:3
FNH:3
FNDA:1,(anonymous_18)
FNDA:2,ShowProfileService
FNDA:2,(anonymous_20)
DA:1,1
DA:2,1
DA:3,1
DA:12,1
DA:15,2
DA:18,2
DA:19,2
DA:21,2
DA:22,1
DA:25,1
DA:27,1
DA:29,1
LF:12
LH:12
BRDA:19,0,0,2
BRDA:21,1,0,1
BRDA:21,1,1,1
BRF:3
BRH:3
end_of_record
TN:
SF:src/modules/users/services/UpdateProfileService.ts
FN:17,(anonymous_18)
FN:18,UpdateProfileService
FN:26,(anonymous_20)
FNF:3
FNH:3
FNDA:1,(anonymous_18)
FNDA:4,UpdateProfileService
FNDA:4,(anonymous_20)
DA:1,1
DA:2,1
DA:3,1
DA:17,1
DA:20,4
DA:23,4
DA:26,1
DA:27,4
DA:28,4
DA:29,4
DA:30,4
DA:31,4
DA:33,4
DA:35,4
DA:36,0
DA:39,4
DA:41,4
DA:42,1
DA:45,6
DA:46,0
DA:47,3
DA:48,4
DA:49,2
DA:51,1
DA:55,6
DA:57,1
DA:59,1
DA:62,2
DA:63,2
DA:65,4
DA:67,2
DA:69,1
DA:71,1
LF:33
LH:31
BRDA:33,0,0,4
BRDA:35,1,0,0
BRDA:35,1,1,4
BRDA:41,2,0,1
BRDA:41,2,1,3
BRDA:41,3,0,4
BRDA:41,3,1,1
BRDA:45,4,0,3
BRDA:45,4,1,0
BRDA:45,5,0,3
BRDA:45,5,1,2
BRDA:48,6,0,1
BRDA:48,6,1,2
BRDA:47,7,0,1
BRDA:47,7,1,2
BRDA:55,8,0,2
BRDA:55,8,1,1
BRDA:55,9,0,2
BRDA:55,9,1,2
BRF:19
BRH:17
end_of_record
TN:
SF:src/modules/users/services/UpdateUserAvatarService.ts
FN:14,(anonymous_18)
FN:15,UpdateUserAvatarService
FN:23,(anonymous_20)
FNF:3
FNH:3
FNDA:1,(anonymous_18)
FNDA:3,UpdateUserAvatarService
FNDA:4,(anonymous_20)
DA:1,1
DA:2,1
DA:3,1
DA:14,1
DA:17,3
DA:20,3
DA:23,4
DA:24,4
DA:26,4
DA:27,1
DA:30,5
DA:31,2
DA:34,3
DA:36,3
DA:38,6
DA:40,3
DA:42,1
DA:44,1
LF:18
LH:18
BRDA:24,0,0,4
BRDA:24,0,1,3
BRDA:26,1,0,1
BRDA:26,1,1,3
BRDA:30,2,0,2
BRDA:30,2,1,1
BRF:6
BRH:6
end_of_record
